#
# There is insufficient memory for the Java Runtime Environment to continue.
# Native memory allocation (malloc) failed to allocate 338576 bytes for Chunk::new
# Possible reasons:
#   The system is out of physical RAM or swap space
#   The process is running with CompressedOops enabled, and the Java Heap may be blocking the growth of the native heap
# Possible solutions:
#   Reduce memory load on the system
#   Increase physical memory or swap space
#   Check if swap backing store is full
#   Decrease Java heap size (-Xmx/-Xms)
#   Decrease number of Java threads
#   Decrease Java thread stack sizes (-Xss)
#   Set larger code cache with -XX:ReservedCodeCacheSize=
#   JVM is running with Unscaled Compressed Oops mode in which the Java heap is
#     placed in the first 4GB address space. The Java Heap base address is the
#     maximum limit for the native heap growth. Please use -XX:HeapBaseMinAddress
#     to set the Java Heap base and to place the Java Heap above 4GB virtual address.
# This output file may be truncated or incomplete.
#
#  Out of Memory Error (allocation.cpp:389), pid=1904, tid=0x0000000000003710
#
# JRE version: OpenJDK Runtime Environment (8.0_242-b01) (build 1.8.0_242-release-1644-b01)
# Java VM: OpenJDK 64-Bit Server VM (25.242-b01 mixed mode windows-amd64 compressed oops)
# Failed to write core dump. Minidumps are not enabled by default on client versions of Windows
#

---------------  T H R E A D  ---------------

Current thread (0x0000000019bb7800):  JavaThread "C2 CompilerThread4" daemon [_thread_in_native, id=14096, stack(0x000000001bb10000,0x000000001bc10000)]

Stack: [0x000000001bb10000,0x000000001bc10000]
[error occurred during error reporting (printing stack bounds), id 0xc0000005]

Native frames: (J=compiled Java code, j=interpreted, Vv=VM code, C=native code)


Current CompileTask:
C2:   7728 3850 %     4       sun.nio.fs.WindowsPathParser::normalize @ 18 (233 bytes)


---------------  P R O C E S S  ---------------

Java Threads: ( => current thread )
  0x0000000020c83000 JavaThread "jar transforms Thread 90" [_thread_blocked, id=29340, stack(0x000000002b4b0000,0x000000002b5b0000)]
  0x0000000021649800 JavaThread "jar transforms Thread 89" [_thread_blocked, id=4204, stack(0x000000002b3b0000,0x000000002b4b0000)]
  0x0000000021645800 JavaThread "jar transforms Thread 88" [_thread_blocked, id=26768, stack(0x000000002b2b0000,0x000000002b3b0000)]
  0x0000000021644000 JavaThread "jar transforms Thread 87" [_thread_blocked, id=8644, stack(0x000000002b1b0000,0x000000002b2b0000)]
  0x0000000021648800 JavaThread "jar transforms Thread 86" [_thread_blocked, id=25632, stack(0x000000002b0b0000,0x000000002b1b0000)]
  0x0000000021646800 JavaThread "jar transforms Thread 85" [_thread_blocked, id=2612, stack(0x000000002afb0000,0x000000002b0b0000)]
  0x0000000021645000 JavaThread "jar transforms Thread 84" [_thread_blocked, id=18772, stack(0x000000002aeb0000,0x000000002afb0000)]
  0x0000000021647000 JavaThread "jar transforms Thread 83" [_thread_blocked, id=26684, stack(0x000000002adb0000,0x000000002aeb0000)]
  0x0000000021648000 JavaThread "jar transforms Thread 82" [_thread_blocked, id=5792, stack(0x000000002acb0000,0x000000002adb0000)]
  0x000000002163c800 JavaThread "jar transforms Thread 81" [_thread_blocked, id=12748, stack(0x000000002abb0000,0x000000002acb0000)]
  0x0000000021643800 JavaThread "jar transforms Thread 80" [_thread_blocked, id=10800, stack(0x000000002aab0000,0x000000002abb0000)]
  0x000000002163c000 JavaThread "jar transforms Thread 79" [_thread_blocked, id=28556, stack(0x000000002a9b0000,0x000000002aab0000)]
  0x0000000021642800 JavaThread "jar transforms Thread 78" [_thread_blocked, id=31172, stack(0x000000002a8b0000,0x000000002a9b0000)]
  0x0000000021642000 JavaThread "jar transforms Thread 77" [_thread_blocked, id=32208, stack(0x000000002a7b0000,0x000000002a8b0000)]
  0x0000000021641000 JavaThread "jar transforms Thread 76" [_thread_blocked, id=12124, stack(0x000000002a6b0000,0x000000002a7b0000)]
  0x000000002163b000 JavaThread "jar transforms Thread 75" [_thread_blocked, id=1272, stack(0x000000002a5b0000,0x000000002a6b0000)]
  0x0000000021640800 JavaThread "jar transforms Thread 74" [_thread_blocked, id=23896, stack(0x000000002a4b0000,0x000000002a5b0000)]
  0x000000002163f800 JavaThread "jar transforms Thread 73" [_thread_blocked, id=24892, stack(0x000000002a3b0000,0x000000002a4b0000)]
  0x000000002163f000 JavaThread "jar transforms Thread 72" [_thread_blocked, id=11728, stack(0x000000002a2b0000,0x000000002a3b0000)]
  0x000000002163d800 JavaThread "jar transforms Thread 71" [_thread_blocked, id=19512, stack(0x000000002a1b0000,0x000000002a2b0000)]
  0x000000002163e000 JavaThread "jar transforms Thread 70" [_thread_blocked, id=13088, stack(0x000000002a0b0000,0x000000002a1b0000)]
  0x000000002163a800 JavaThread "jar transforms Thread 69" [_thread_blocked, id=26736, stack(0x0000000029fb0000,0x000000002a0b0000)]
  0x00000000221fe000 JavaThread "jar transforms Thread 68" [_thread_in_Java, id=9704, stack(0x0000000029eb0000,0x0000000029fb0000)]
  0x00000000221fd000 JavaThread "jar transforms Thread 67" [_thread_blocked, id=19436, stack(0x0000000029db0000,0x0000000029eb0000)]
  0x00000000221fb800 JavaThread "jar transforms Thread 66" [_thread_blocked, id=27580, stack(0x0000000029cb0000,0x0000000029db0000)]
  0x00000000221fc800 JavaThread "jar transforms Thread 65" [_thread_blocked, id=25476, stack(0x0000000029bb0000,0x0000000029cb0000)]
  0x00000000221fb000 JavaThread "jar transforms Thread 64" [_thread_blocked, id=10580, stack(0x0000000029ab0000,0x0000000029bb0000)]
  0x00000000221fa000 JavaThread "jar transforms Thread 63" [_thread_blocked, id=17220, stack(0x00000000299b0000,0x0000000029ab0000)]
  0x00000000221f2800 JavaThread "jar transforms Thread 62" [_thread_blocked, id=31784, stack(0x00000000298b0000,0x00000000299b0000)]
  0x00000000221f9800 JavaThread "jar transforms Thread 61" [_thread_blocked, id=6816, stack(0x00000000297b0000,0x00000000298b0000)]
  0x00000000221f2000 JavaThread "jar transforms Thread 60" [_thread_blocked, id=21304, stack(0x00000000296b0000,0x00000000297b0000)]
  0x00000000221f8800 JavaThread "jar transforms Thread 59" [_thread_blocked, id=27688, stack(0x00000000295b0000,0x00000000296b0000)]
  0x00000000221f8000 JavaThread "jar transforms Thread 58" [_thread_blocked, id=30264, stack(0x00000000294b0000,0x00000000295b0000)]
  0x00000000221f7000 JavaThread "jar transforms Thread 57" [_thread_blocked, id=16356, stack(0x00000000293b0000,0x00000000294b0000)]
  0x00000000221ef800 JavaThread "jar transforms Thread 56" [_thread_blocked, id=25824, stack(0x00000000292b0000,0x00000000293b0000)]
  0x00000000221f6800 JavaThread "jar transforms Thread 55" [_thread_blocked, id=23072, stack(0x00000000291b0000,0x00000000292b0000)]
  0x00000000221f0800 JavaThread "jar transforms Thread 54" [_thread_blocked, id=28276, stack(0x00000000290b0000,0x00000000291b0000)]
  0x00000000221f4000 JavaThread "jar transforms Thread 53" [_thread_blocked, id=17344, stack(0x0000000028fb0000,0x00000000290b0000)]
  0x00000000221f1000 JavaThread "jar transforms Thread 52" [_thread_blocked, id=19540, stack(0x0000000028eb0000,0x0000000028fb0000)]
  0x00000000221f3800 JavaThread "jar transforms Thread 51" [_thread_blocked, id=2828, stack(0x0000000028db0000,0x0000000028eb0000)]
  0x00000000221f5800 JavaThread "jar transforms Thread 50" [_thread_blocked, id=812, stack(0x0000000028cb0000,0x0000000028db0000)]
  0x00000000221ef000 JavaThread "jar transforms Thread 49" [_thread_blocked, id=29464, stack(0x0000000028bb0000,0x0000000028cb0000)]
  0x00000000221f5000 JavaThread "jar transforms Thread 48" [_thread_blocked, id=31660, stack(0x0000000028ab0000,0x0000000028bb0000)]
  0x0000000021d0c000 JavaThread "jar transforms Thread 47" [_thread_blocked, id=12428, stack(0x00000000289b0000,0x0000000028ab0000)]
  0x0000000021d0a800 JavaThread "jar transforms Thread 46" [_thread_blocked, id=28360, stack(0x00000000288b0000,0x00000000289b0000)]
  0x0000000021d0c800 JavaThread "jar transforms Thread 45" [_thread_blocked, id=20320, stack(0x00000000287b0000,0x00000000288b0000)]
  0x0000000021d09800 JavaThread "jar transforms Thread 44" [_thread_blocked, id=4872, stack(0x00000000286b0000,0x00000000287b0000)]
  0x0000000021d0b000 JavaThread "jar transforms Thread 43" [_thread_blocked, id=12936, stack(0x00000000285b0000,0x00000000286b0000)]
  0x0000000021d09000 JavaThread "jar transforms Thread 42" [_thread_blocked, id=27900, stack(0x00000000284b0000,0x00000000285b0000)]
  0x0000000021d01000 JavaThread "jar transforms Thread 41" [_thread_blocked, id=23744, stack(0x00000000283b0000,0x00000000284b0000)]
  0x0000000021d08000 JavaThread "jar transforms Thread 40" [_thread_blocked, id=18264, stack(0x00000000282b0000,0x00000000283b0000)]
  0x0000000021d07800 JavaThread "jar transforms Thread 39" [_thread_blocked, id=24368, stack(0x00000000281b0000,0x00000000282b0000)]
  0x0000000021d05000 JavaThread "jar transforms Thread 38" [_thread_blocked, id=25636, stack(0x00000000280b0000,0x00000000281b0000)]
  0x0000000021d00800 JavaThread "jar transforms Thread 37" [_thread_blocked, id=12076, stack(0x0000000027fb0000,0x00000000280b0000)]
  0x0000000021d03800 JavaThread "jar transforms Thread 36" [_thread_blocked, id=30396, stack(0x0000000027eb0000,0x0000000027fb0000)]
  0x0000000021cff800 JavaThread "jar transforms Thread 35" [_thread_blocked, id=26752, stack(0x0000000027db0000,0x0000000027eb0000)]
  0x0000000021d06800 JavaThread "jar transforms Thread 34" [_thread_blocked, id=18048, stack(0x0000000027cb0000,0x0000000027db0000)]
  0x0000000021d05800 JavaThread "jar transforms Thread 33" [_thread_blocked, id=5260, stack(0x0000000027bb0000,0x0000000027cb0000)]
  0x0000000021d02800 JavaThread "jar transforms Thread 32" [_thread_blocked, id=23236, stack(0x0000000027ab0000,0x0000000027bb0000)]
  0x0000000021cfd800 JavaThread "jar transforms Thread 31" [_thread_blocked, id=28176, stack(0x00000000279b0000,0x0000000027ab0000)]
  0x0000000021d02000 JavaThread "jar transforms Thread 30" [_thread_blocked, id=21016, stack(0x00000000278b0000,0x00000000279b0000)]
  0x0000000021cff000 JavaThread "jar transforms Thread 29" [_thread_blocked, id=26840, stack(0x00000000277b0000,0x00000000278b0000)]
  0x0000000021d04000 JavaThread "jar transforms Thread 28" [_thread_blocked, id=32576, stack(0x00000000276b0000,0x00000000277b0000)]
  0x0000000021cfe000 JavaThread "jar transforms Thread 27" [_thread_blocked, id=13404, stack(0x00000000275b0000,0x00000000276b0000)]
  0x0000000020ef0000 JavaThread "jar transforms Thread 26" [_thread_blocked, id=25024, stack(0x00000000274b0000,0x00000000275b0000)]
  0x0000000020ef5000 JavaThread "jar transforms Thread 25" [_thread_blocked, id=16296, stack(0x00000000273b0000,0x00000000274b0000)]
  0x0000000020ef3800 JavaThread "jar transforms Thread 24" [_thread_blocked, id=11448, stack(0x00000000272b0000,0x00000000273b0000)]
  0x0000000020eef000 JavaThread "jar transforms Thread 23" [_thread_blocked, id=20124, stack(0x00000000271b0000,0x00000000272b0000)]
  0x0000000020ef4800 JavaThread "jar transforms Thread 22" [_thread_blocked, id=15920, stack(0x00000000270b0000,0x00000000271b0000)]
  0x0000000020ef1800 JavaThread "jar transforms Thread 21" [_thread_blocked, id=15696, stack(0x0000000026fb0000,0x00000000270b0000)]
  0x0000000020ef0800 JavaThread "jar transforms Thread 20" [_thread_blocked, id=29976, stack(0x0000000026eb0000,0x0000000026fb0000)]
  0x0000000020ef2000 JavaThread "jar transforms Thread 19" [_thread_blocked, id=28676, stack(0x0000000026db0000,0x0000000026eb0000)]
  0x0000000020ef3000 JavaThread "jar transforms Thread 18" [_thread_blocked, id=10840, stack(0x0000000026cb0000,0x0000000026db0000)]
  0x0000000020ee9000 JavaThread "jar transforms Thread 17" [_thread_blocked, id=19440, stack(0x0000000026bb0000,0x0000000026cb0000)]
  0x0000000020eee800 JavaThread "jar transforms Thread 16" [_thread_blocked, id=22880, stack(0x0000000026ab0000,0x0000000026bb0000)]
  0x0000000020eea800 JavaThread "jar transforms Thread 15" [_thread_blocked, id=20208, stack(0x00000000269b0000,0x0000000026ab0000)]
  0x0000000020ee8800 JavaThread "jar transforms Thread 14" [_thread_blocked, id=7880, stack(0x00000000268b0000,0x00000000269b0000)]
  0x0000000020eed800 JavaThread "jar transforms Thread 13" [_thread_blocked, id=27256, stack(0x00000000267b0000,0x00000000268b0000)]
  0x0000000020eea000 JavaThread "jar transforms Thread 12" [_thread_blocked, id=29828, stack(0x00000000266b0000,0x00000000267b0000)]
  0x0000000020ee7000 JavaThread "jar transforms Thread 11" [_thread_blocked, id=23100, stack(0x00000000265b0000,0x00000000266b0000)]
  0x0000000020eed000 JavaThread "jar transforms Thread 10" [_thread_blocked, id=22000, stack(0x00000000264b0000,0x00000000265b0000)]
  0x0000000020ee7800 JavaThread "jar transforms Thread 9" [_thread_blocked, id=2212, stack(0x00000000263b0000,0x00000000264b0000)]
  0x0000000020eec000 JavaThread "jar transforms Thread 8" [_thread_blocked, id=2340, stack(0x00000000262b0000,0x00000000263b0000)]
  0x0000000020eeb800 JavaThread "jar transforms Thread 7" [_thread_blocked, id=25540, stack(0x00000000261b0000,0x00000000262b0000)]
  0x0000000020ee6000 JavaThread "jar transforms Thread 6" [_thread_blocked, id=31168, stack(0x00000000260b0000,0x00000000261b0000)]
  0x000000001d7f2800 JavaThread "jar transforms Thread 5" [_thread_blocked, id=31804, stack(0x0000000025fb0000,0x00000000260b0000)]
  0x000000001d7f2000 JavaThread "jar transforms Thread 4" [_thread_blocked, id=23432, stack(0x0000000025eb0000,0x0000000025fb0000)]
  0x000000001d7f1000 JavaThread "jar transforms Thread 3" [_thread_blocked, id=31136, stack(0x0000000025db0000,0x0000000025eb0000)]
  0x000000001d7ee000 JavaThread "jar transforms Thread 2" [_thread_blocked, id=29636, stack(0x0000000025cb0000,0x0000000025db0000)]
  0x000000001d7f0800 JavaThread "Build operations Thread 16" [_thread_blocked, id=29700, stack(0x0000000025bb0000,0x0000000025cb0000)]
  0x000000001d7ef000 JavaThread "Build operations Thread 15" [_thread_blocked, id=22304, stack(0x0000000025ab0000,0x0000000025bb0000)]
  0x000000001d7ed800 JavaThread "Build operations Thread 14" [_thread_blocked, id=22592, stack(0x00000000259b0000,0x0000000025ab0000)]
  0x000000001d7ef800 JavaThread "Build operations Thread 13" [_thread_blocked, id=28584, stack(0x00000000258b0000,0x00000000259b0000)]
  0x000000001d7f3800 JavaThread "Build operations Thread 12" [_thread_blocked, id=20352, stack(0x00000000257b0000,0x00000000258b0000)]
  0x000000001d7ec800 JavaThread "Build operations Thread 11" [_thread_blocked, id=6772, stack(0x00000000256b0000,0x00000000257b0000)]
  0x000000001d35e800 JavaThread "Build operations Thread 10" [_thread_blocked, id=12732, stack(0x00000000255b0000,0x00000000256b0000)]
  0x000000001d35d000 JavaThread "Build operations Thread 9" [_thread_blocked, id=12780, stack(0x00000000254b0000,0x00000000255b0000)]
  0x000000001d35a800 JavaThread "Build operations Thread 8" [_thread_blocked, id=28652, stack(0x00000000253b0000,0x00000000254b0000)]
  0x000000001d35c000 JavaThread "Build operations Thread 7" [_thread_blocked, id=8844, stack(0x00000000252b0000,0x00000000253b0000)]
  0x000000001d35b800 JavaThread "Build operations Thread 6" [_thread_blocked, id=20388, stack(0x00000000251b0000,0x00000000252b0000)]
  0x000000001d35d800 JavaThread "Build operations Thread 5" [_thread_blocked, id=10348, stack(0x00000000250b0000,0x00000000251b0000)]
  0x000000001d353000 JavaThread "Build operations Thread 4" [_thread_blocked, id=13716, stack(0x0000000024fb0000,0x00000000250b0000)]
  0x000000001d359800 JavaThread "Build operations Thread 3" [_thread_blocked, id=8696, stack(0x0000000024eb0000,0x0000000024fb0000)]
  0x000000001d352000 JavaThread "Build operations Thread 2" [_thread_blocked, id=29288, stack(0x0000000024db0000,0x0000000024eb0000)]
  0x000000001d359000 JavaThread "Build operations" [_thread_blocked, id=22604, stack(0x0000000024cb0000,0x0000000024db0000)]
  0x000000001d356000 JavaThread "Cache worker for file content cache (C:\Users\18388\.gradle\caches\6.5\fileContent)" [_thread_blocked, id=7332, stack(0x00000000245b0000,0x00000000246b0000)]
  0x000000001d354800 JavaThread "jar transforms" [_thread_blocked, id=6120, stack(0x00000000244b0000,0x00000000245b0000)]
  0x000000001d351800 JavaThread "Cache worker for execution history cache (C:\Users\18388\.gradle\caches\6.5\executionHistory)" [_thread_blocked, id=6624, stack(0x0000000023db0000,0x0000000023eb0000)]
  0x000000001d350000 JavaThread "Cache worker for cache directory md-rule (C:\Users\18388\.gradle\caches\6.5\md-rule)" [_thread_blocked, id=18416, stack(0x0000000023cb0000,0x0000000023db0000)]
  0x000000001d34f000 JavaThread "Cache worker for cache directory md-supplier (C:\Users\18388\.gradle\caches\6.5\md-supplier)" [_thread_blocked, id=29416, stack(0x0000000023bb0000,0x0000000023cb0000)]
  0x000000001d353800 JavaThread "Cache worker for checksums cache (E:\AndroidStudio\document\chapter-4-master\Homework\.gradle\checksums)" [_thread_blocked, id=1628, stack(0x0000000022720000,0x0000000022820000)]
  0x0000000019bc3800 JavaThread "Cache worker for file hash cache (E:\AndroidStudio\document\chapter-4-master\Homework\.gradle\6.5\fileHashes)" [_thread_blocked, id=31864, stack(0x0000000022620000,0x0000000022720000)]
  0x0000000019bbe000 JavaThread "Cache worker for file hash cache (C:\Users\18388\.gradle\caches\6.5\fileHashes)" [_thread_blocked, id=5496, stack(0x0000000020180000,0x0000000020280000)]
  0x0000000019bc2800 JavaThread "File lock request listener" [_thread_in_native, id=19952, stack(0x0000000020080000,0x0000000020180000)]
  0x000000001c90e800 JavaThread "Cache worker for journal cache (C:\Users\18388\.gradle\caches\journal-1)" [_thread_blocked, id=9356, stack(0x000000001ff80000,0x0000000020080000)]
  0x000000001df90000 JavaThread "Thread-9" [_thread_blocked, id=30696, stack(0x000000001fc80000,0x000000001fd80000)]
  0x000000001dfae800 JavaThread "Stdin handler" [_thread_blocked, id=11192, stack(0x000000001fb80000,0x000000001fc80000)]
  0x000000001dfac800 JavaThread "Asynchronous log dispatcher for DefaultDaemonConnection: socket connection from /127.0.0.1:4815 to /127.0.0.1:4816" [_thread_blocked, id=16936, stack(0x000000001fa80000,0x000000001fb80000)]
  0x000000001df7f800 JavaThread "Daemon worker" [_thread_blocked, id=27440, stack(0x000000001f980000,0x000000001fa80000)]
  0x000000001df8b000 JavaThread "Cancel handler" [_thread_blocked, id=25704, stack(0x000000001f880000,0x000000001f980000)]
  0x000000001dcde000 JavaThread "Handler for socket connection from /127.0.0.1:4815 to /127.0.0.1:4816" [_thread_in_native, id=25684, stack(0x000000001f780000,0x000000001f880000)]
  0x000000001dcdd000 JavaThread "Daemon" [_thread_blocked, id=12640, stack(0x000000001f680000,0x000000001f780000)]
  0x000000001defa800 JavaThread "Daemon periodic checks" [_thread_blocked, id=29044, stack(0x000000001f380000,0x000000001f480000)]
  0x000000001def9000 JavaThread "Incoming local TCP Connector on port 4815" [_thread_in_native, id=26600, stack(0x000000001f1d0000,0x000000001f2d0000)]
  0x000000001ddfc800 JavaThread "Daemon health stats" [_thread_blocked, id=25156, stack(0x000000001eeb0000,0x000000001efb0000)]
  0x0000000019c96800 JavaThread "Service Thread" daemon [_thread_blocked, id=5068, stack(0x000000001c310000,0x000000001c410000)]
  0x0000000019bc1000 JavaThread "C1 CompilerThread11" daemon [_thread_blocked, id=15404, stack(0x000000001c210000,0x000000001c310000)]
  0x0000000019bc2000 JavaThread "C1 CompilerThread10" daemon [_thread_blocked, id=19184, stack(0x000000001c110000,0x000000001c210000)]
  0x0000000019bc5000 JavaThread "C1 CompilerThread9" daemon [_thread_blocked, id=13140, stack(0x000000001c010000,0x000000001c110000)]
  0x0000000019bc0800 JavaThread "C1 CompilerThread8" daemon [_thread_blocked, id=22104, stack(0x000000001bf10000,0x000000001c010000)]
  0x0000000019bbf800 JavaThread "C2 CompilerThread7" daemon [_thread_blocked, id=28124, stack(0x000000001be10000,0x000000001bf10000)]
  0x0000000019bc4000 JavaThread "C2 CompilerThread6" daemon [_thread_in_native, id=27512, stack(0x000000001bd10000,0x000000001be10000)]
  0x0000000019bbf000 JavaThread "C2 CompilerThread5" daemon [_thread_blocked, id=13644, stack(0x000000001bc10000,0x000000001bd10000)]
=>0x0000000019bb7800 JavaThread "C2 CompilerThread4" daemon [_thread_in_native, id=14096, stack(0x000000001bb10000,0x000000001bc10000)]
  0x0000000019bb4800 JavaThread "C2 CompilerThread3" daemon [_thread_blocked, id=31284, stack(0x000000001ba10000,0x000000001bb10000)]
  0x0000000019bb1000 JavaThread "C2 CompilerThread2" daemon [_thread_blocked, id=27872, stack(0x000000001b910000,0x000000001ba10000)]
  0x0000000019bb0800 JavaThread "C2 CompilerThread1" daemon [_thread_blocked, id=5936, stack(0x000000001b810000,0x000000001b910000)]
  0x0000000019b56000 JavaThread "C2 CompilerThread0" daemon [_thread_blocked, id=26532, stack(0x000000001b710000,0x000000001b810000)]
  0x0000000019b55000 JavaThread "Attach Listener" daemon [_thread_blocked, id=17468, stack(0x000000001b610000,0x000000001b710000)]
  0x0000000019bad800 JavaThread "Signal Dispatcher" daemon [_thread_blocked, id=26220, stack(0x000000001b510000,0x000000001b610000)]
  0x00000000180e2800 JavaThread "Finalizer" daemon [_thread_blocked, id=24928, stack(0x000000001b3a0000,0x000000001b4a0000)]
  0x00000000180dc800 JavaThread "Reference Handler" daemon [_thread_blocked, id=27032, stack(0x000000001b2a0000,0x000000001b3a0000)]
  0x000000000089e000 JavaThread "main" [_thread_blocked, id=32496, stack(0x0000000002940000,0x0000000002a40000)]

Other Threads:
  0x0000000019b11800 VMThread [stack: 0x000000001b1a0000,0x000000001b2a0000] [id=26284]
  0x0000000019c71000 WatcherThread [stack: 0x000000001c410000,0x000000001c510000] [id=2056]

VM state:not at safepoint (normal execution)

VM Mutex/Monitor currently owned by a thread:  ([mutex/lock_event])
[0x000000000089c960] SymbolTable_lock - owner thread: 0x0000000000000000

heap address: 0x0000000080000000, size: 2048 MB, Compressed Oops mode: 32-bit
Narrow klass base: 0x0000000000000000, Narrow klass shift: 3
Compressed class space size: 1073741824 Address: 0x0000000100000000

Heap:
 PSYoungGen      total 122368K, used 73959K [0x00000000d5580000, 0x00000000dd880000, 0x0000000100000000)
  eden space 110592K, 66% used [0x00000000d5580000,0x00000000d9db9d50,0x00000000dc180000)
  from space 11776K, 0% used [0x00000000dc180000,0x00000000dc180000,0x00000000dcd00000)
  to   space 11776K, 0% used [0x00000000dcd00000,0x00000000dcd00000,0x00000000dd880000)
 ParOldGen       total 128000K, used 14797K [0x0000000080000000, 0x0000000087d00000, 0x00000000d5580000)
  object space 128000K, 11% used [0x0000000080000000,0x0000000080e734a8,0x0000000087d00000)
 Metaspace       used 36517K, capacity 38148K, committed 38400K, reserved 1083392K
  class space    used 4999K, capacity 5315K, committed 5376K, reserved 1048576K

Card table byte_map: [0x0000000011f00000,0x0000000012310000] byte_map_base: 0x0000000011b00000

Marking Bits: (ParMarkBitMap*) 0x00000000585bf030
 Begin Bits: [0x00000000132c0000, 0x00000000152c0000)
 End Bits:   [0x00000000152c0000, 0x00000000172c0000)

Polling page: 0x0000000000d30000

CodeCache: size=245760Kb used=13865Kb max_used=13865Kb free=231894Kb
 bounds [0x0000000002b40000, 0x00000000038e0000, 0x0000000011b40000]
 total_blobs=4305 nmethods=3600 adapters=615
 compilation: enabled

Compilation events (10 events):
Event: 7.725 Thread 0x0000000019bc5000 nmethod 3866 0x00000000038bb2d0 code [0x00000000038bb440, 0x00000000038bb6a8]
Event: 7.725 Thread 0x0000000019bc2000 nmethod 3864 0x00000000038bb790 code [0x00000000038bb900, 0x00000000038bbad0]
Event: 7.725 Thread 0x0000000019bc1000 nmethod 3865 0x00000000038ae650 code [0x00000000038ae7a0, 0x00000000038ae8f0]
Event: 7.725 Thread 0x0000000019bc2000 3868       3       com.google.common.util.concurrent.AbstractFuture::set (32 bytes)
Event: 7.725 Thread 0x0000000019bc1000 3869       3       com.google.common.util.concurrent.AbstractFuture$UnsafeAtomicHelper::casValue (13 bytes)
Event: 7.725 Thread 0x0000000019bc0800 nmethod 3867 0x00000000038bbb90 code [0x00000000038bbd20, 0x00000000038bc068]
Event: 7.725 Thread 0x0000000019bc1000 nmethod 3869 0x00000000038bc190 code [0x00000000038bc2e0, 0x00000000038bc470]
Event: 7.725 Thread 0x0000000019bc2000 nmethod 3868 0x00000000038bc510 code [0x00000000038bc680, 0x00000000038bc968]
Event: 7.726 Thread 0x0000000019bc5000 3870       3       org.gradle.internal.snapshot.SearchUtil::binarySearch (160 bytes)
Event: 7.726 Thread 0x0000000019bc5000 nmethod 3870 0x00000000038bca50 code [0x00000000038bcc20, 0x00000000038bd3a8]

GC Heap History (10 events):
Event: 5.475 GC heap before
{Heap before GC invocations=5 (full 1):
 PSYoungGen      total 73728K, used 8179K [0x00000000d5580000, 0x00000000da780000, 0x0000000100000000)
  eden space 63488K, 0% used [0x00000000d5580000,0x00000000d5580000,0x00000000d9380000)
  from space 10240K, 79% used [0x00000000d9d80000,0x00000000da57cd18,0x00000000da780000)
  to   space 10240K, 0% used [0x00000000d9380000,0x00000000d9380000,0x00000000d9d80000)
 ParOldGen       total 167936K, used 1658K [0x0000000080000000, 0x000000008a400000, 0x00000000d5580000)
  object space 167936K, 0% used [0x0000000080000000,0x000000008019e8c0,0x000000008a400000)
 Metaspace       used 20469K, capacity 21204K, committed 21248K, reserved 1067008K
  class space    used 2841K, capacity 3048K, committed 3072K, reserved 1048576K
Event: 5.502 GC heap after
Heap after GC invocations=5 (full 1):
 PSYoungGen      total 73728K, used 0K [0x00000000d5580000, 0x00000000da780000, 0x0000000100000000)
  eden space 63488K, 0% used [0x00000000d5580000,0x00000000d5580000,0x00000000d9380000)
  from space 10240K, 0% used [0x00000000d9d80000,0x00000000d9d80000,0x00000000da780000)
  to   space 10240K, 0% used [0x00000000d9380000,0x00000000d9380000,0x00000000d9d80000)
 ParOldGen       total 88064K, used 7832K [0x0000000080000000, 0x0000000085600000, 0x00000000d5580000)
  object space 88064K, 8% used [0x0000000080000000,0x00000000807a61c0,0x0000000085600000)
 Metaspace       used 20469K, capacity 21204K, committed 21248K, reserved 1067008K
  class space    used 2841K, capacity 3048K, committed 3072K, reserved 1048576K
}
Event: 6.344 GC heap before
{Heap before GC invocations=6 (full 1):
 PSYoungGen      total 73728K, used 63488K [0x00000000d5580000, 0x00000000da780000, 0x0000000100000000)
  eden space 63488K, 100% used [0x00000000d5580000,0x00000000d9380000,0x00000000d9380000)
  from space 10240K, 0% used [0x00000000d9d80000,0x00000000d9d80000,0x00000000da780000)
  to   space 10240K, 0% used [0x00000000d9380000,0x00000000d9380000,0x00000000d9d80000)
 ParOldGen       total 88064K, used 7832K [0x0000000080000000, 0x0000000085600000, 0x00000000d5580000)
  object space 88064K, 8% used [0x0000000080000000,0x00000000807a61c0,0x0000000085600000)
 Metaspace       used 28004K, capacity 28862K, committed 28928K, reserved 1075200K
  class space    used 3834K, capacity 4067K, committed 4096K, reserved 1048576K
Event: 6.350 GC heap after
Heap after GC invocations=6 (full 1):
 PSYoungGen      total 73728K, used 7934K [0x00000000d5580000, 0x00000000dd880000, 0x0000000100000000)
  eden space 63488K, 0% used [0x00000000d5580000,0x00000000d5580000,0x00000000d9380000)
  from space 10240K, 77% used [0x00000000d9380000,0x00000000d9b3f948,0x00000000d9d80000)
  to   space 11776K, 0% used [0x00000000dcd00000,0x00000000dcd00000,0x00000000dd880000)
 ParOldGen       total 88064K, used 7840K [0x0000000080000000, 0x0000000085600000, 0x00000000d5580000)
  object space 88064K, 8% used [0x0000000080000000,0x00000000807a81c0,0x0000000085600000)
 Metaspace       used 28004K, capacity 28862K, committed 28928K, reserved 1075200K
  class space    used 3834K, capacity 4067K, committed 4096K, reserved 1048576K
}
Event: 6.984 GC heap before
{Heap before GC invocations=7 (full 1):
 PSYoungGen      total 73728K, used 71422K [0x00000000d5580000, 0x00000000dd880000, 0x0000000100000000)
  eden space 63488K, 100% used [0x00000000d5580000,0x00000000d9380000,0x00000000d9380000)
  from space 10240K, 77% used [0x00000000d9380000,0x00000000d9b3f948,0x00000000d9d80000)
  to   space 11776K, 0% used [0x00000000dcd00000,0x00000000dcd00000,0x00000000dd880000)
 ParOldGen       total 88064K, used 7840K [0x0000000080000000, 0x0000000085600000, 0x00000000d5580000)
  object space 88064K, 8% used [0x0000000080000000,0x00000000807a81c0,0x0000000085600000)
 Metaspace       used 32714K, capacity 33782K, committed 33920K, reserved 1079296K
  class space    used 4447K, capacity 4723K, committed 4736K, reserved 1048576K
Event: 6.992 GC heap after
Heap after GC invocations=7 (full 1):
 PSYoungGen      total 122368K, used 9393K [0x00000000d5580000, 0x00000000dd880000, 0x0000000100000000)
  eden space 110592K, 0% used [0x00000000d5580000,0x00000000d5580000,0x00000000dc180000)
  from space 11776K, 79% used [0x00000000dcd00000,0x00000000dd62c500,0x00000000dd880000)
  to   space 11776K, 0% used [0x00000000dc180000,0x00000000dc180000,0x00000000dcd00000)
 ParOldGen       total 88064K, used 7848K [0x0000000080000000, 0x0000000085600000, 0x00000000d5580000)
  object space 88064K, 8% used [0x0000000080000000,0x00000000807aa1c0,0x0000000085600000)
 Metaspace       used 32714K, capacity 33782K, committed 33920K, reserved 1079296K
  class space    used 4447K, capacity 4723K, committed 4736K, reserved 1048576K
}
Event: 7.223 GC heap before
{Heap before GC invocations=8 (full 1):
 PSYoungGen      total 122368K, used 44728K [0x00000000d5580000, 0x00000000dd880000, 0x0000000100000000)
  eden space 110592K, 31% used [0x00000000d5580000,0x00000000d7801cb0,0x00000000dc180000)
  from space 11776K, 79% used [0x00000000dcd00000,0x00000000dd62c500,0x00000000dd880000)
  to   space 11776K, 0% used [0x00000000dc180000,0x00000000dc180000,0x00000000dcd00000)
 ParOldGen       total 88064K, used 7848K [0x0000000080000000, 0x0000000085600000, 0x00000000d5580000)
  object space 88064K, 8% used [0x0000000080000000,0x00000000807aa1c0,0x0000000085600000)
 Metaspace       used 34242K, capacity 35392K, committed 35416K, reserved 1079296K
  class space    used 4705K, capacity 4973K, committed 4992K, reserved 1048576K
Event: 7.230 GC heap after
Heap after GC invocations=8 (full 1):
 PSYoungGen      total 122368K, used 8260K [0x00000000d5580000, 0x00000000dd880000, 0x0000000100000000)
  eden space 110592K, 0% used [0x00000000d5580000,0x00000000d5580000,0x00000000dc180000)
  from space 11776K, 70% used [0x00000000dc180000,0x00000000dc9911f0,0x00000000dcd00000)
  to   space 11776K, 0% used [0x00000000dcd00000,0x00000000dcd00000,0x00000000dd880000)
 ParOldGen       total 88064K, used 7856K [0x0000000080000000, 0x0000000085600000, 0x00000000d5580000)
  object space 88064K, 8% used [0x0000000080000000,0x00000000807ac1c0,0x0000000085600000)
 Metaspace       used 34242K, capacity 35392K, committed 35416K, reserved 1079296K
  class space    used 4705K, capacity 4973K, committed 4992K, reserved 1048576K
}
Event: 7.230 GC heap before
{Heap before GC invocations=9 (full 2):
 PSYoungGen      total 122368K, used 8260K [0x00000000d5580000, 0x00000000dd880000, 0x0000000100000000)
  eden space 110592K, 0% used [0x00000000d5580000,0x00000000d5580000,0x00000000dc180000)
  from space 11776K, 70% used [0x00000000dc180000,0x00000000dc9911f0,0x00000000dcd00000)
  to   space 11776K, 0% used [0x00000000dcd00000,0x00000000dcd00000,0x00000000dd880000)
 ParOldGen       total 88064K, used 7856K [0x0000000080000000, 0x0000000085600000, 0x00000000d5580000)
  object space 88064K, 8% used [0x0000000080000000,0x00000000807ac1c0,0x0000000085600000)
 Metaspace       used 34242K, capacity 35392K, committed 35416K, reserved 1079296K
  class space    used 4705K, capacity 4973K, committed 4992K, reserved 1048576K
Event: 7.263 GC heap after
Heap after GC invocations=9 (full 2):
 PSYoungGen      total 122368K, used 0K [0x00000000d5580000, 0x00000000dd880000, 0x0000000100000000)
  eden space 110592K, 0% used [0x00000000d5580000,0x00000000d5580000,0x00000000dc180000)
  from space 11776K, 0% used [0x00000000dc180000,0x00000000dc180000,0x00000000dcd00000)
  to   space 11776K, 0% used [0x00000000dcd00000,0x00000000dcd00000,0x00000000dd880000)
 ParOldGen       total 128000K, used 14797K [0x0000000080000000, 0x0000000087d00000, 0x00000000d5580000)
  object space 128000K, 11% used [0x0000000080000000,0x0000000080e734a8,0x0000000087d00000)
 Metaspace       used 34242K, capacity 35392K, committed 35416K, reserved 1079296K
  class space    used 4705K, capacity 4973K, committed 4992K, reserved 1048576K
}

Deoptimization events (10 events):
Event: 7.005 Thread 0x000000001df7f800 Uncommon trap: reason=class_check action=maybe_recompile pc=0x00000000034b41dc method=java.util.WeakHashMap.eq(Ljava/lang/Object;Ljava/lang/Object;)Z @ 7
Event: 7.038 Thread 0x000000001df7f800 Uncommon trap: reason=range_check action=make_not_entrant pc=0x0000000003678704 method=java.lang.String.charAt(I)C @ 27
Event: 7.370 Thread 0x000000001df7f800 Uncommon trap: reason=bimorphic action=maybe_recompile pc=0x00000000034e60f8 method=java.io.BufferedInputStream.read([BII)I @ 101
Event: 7.406 Thread 0x000000001df7f800 Uncommon trap: reason=bimorphic action=maybe_recompile pc=0x00000000034e60f8 method=java.io.BufferedInputStream.read([BII)I @ 101
Event: 7.586 Thread 0x000000001d35a800 Uncommon trap: reason=unstable_if action=reinterpret pc=0x00000000032aac2c method=java.util.concurrent.ConcurrentHashMap.addCount(JI)V @ 168
Event: 7.587 Thread 0x000000001d35a800 Uncommon trap: reason=unstable_if action=reinterpret pc=0x000000000324e454 method=java.util.concurrent.ConcurrentHashMap.transfer([Ljava/util/concurrent/ConcurrentHashMap$Node;[Ljava/util/concurrent/ConcurrentHashMap$Node;)V @ 34
Event: 7.588 Thread 0x000000001df7f800 Uncommon trap: reason=unstable_if action=reinterpret pc=0x000000000324e4bc method=java.util.concurrent.ConcurrentHashMap.transfer([Ljava/util/concurrent/ConcurrentHashMap$Node;[Ljava/util/concurrent/ConcurrentHashMap$Node;)V @ 277
Event: 7.588 Thread 0x000000001df7f800 Uncommon trap: reason=unstable_if action=reinterpret pc=0x00000000032aac2c method=java.util.concurrent.ConcurrentHashMap.addCount(JI)V @ 168
Event: 7.589 Thread 0x000000001d7ef800 Uncommon trap: reason=unstable_if action=reinterpret pc=0x00000000032172d0 method=java.util.concurrent.ConcurrentHashMap.addCount(JI)V @ 168
Event: 7.595 Thread 0x000000001d353000 Uncommon trap: reason=bimorphic action=maybe_recompile pc=0x00000000034e60f8 method=java.io.BufferedInputStream.read([BII)I @ 101

Classes redefined (0 events):
No events

Internal exceptions (10 events):
Event: 7.127 Thread 0x000000001df7f800 Exception <a 'java/lang/ClassNotFoundException': org/gradle/api/internal/artifacts/dsl/dependencies/DefaultDependencyHandler_DecoratedBeanInfo> (0x00000000d66a3c78) thrown at [C:\src\AOSP-openjdk-git\hotspot\src\share\vm\classfile\systemDictionary.cpp, li
Event: 7.128 Thread 0x000000001df7f800 Exception <a 'java/lang/ClassNotFoundException': org/gradle/api/internal/artifacts/dsl/dependencies/DefaultDependencyHandlerBeanInfo> (0x00000000d6766b98) thrown at [C:\src\AOSP-openjdk-git\hotspot\src\share\vm\classfile\systemDictionary.cpp, line 210]
Event: 7.129 Thread 0x000000001df7f800 Exception <a 'java/lang/ClassNotFoundException': org/gradle/api/internal/artifacts/dsl/dependencies/DefaultDependencyHandlerCustomizer> (0x00000000d67c07d8) thrown at [C:\src\AOSP-openjdk-git\hotspot\src\share\vm\classfile\systemDictionary.cpp, line 210]
Event: 7.132 Thread 0x000000001df7f800 Exception <a 'java/lang/ClassNotFoundException': org/gradle/api/internal/artifacts/dsl/dependencies/DefaultDependencyHandler_DecoratedCustomizer> (0x00000000d684b510) thrown at [C:\src\AOSP-openjdk-git\hotspot\src\share\vm\classfile\systemDictionary.cpp, 
Event: 7.178 Thread 0x000000001df7f800 Exception <a 'java/lang/NoSuchMethodError': java.lang.Object.lambda$static$0(Lorg/gradle/api/internal/artifacts/configurations/MutationValidator$MutationType;)V> (0x00000000d6f0da70) thrown at [C:\src\AOSP-openjdk-git\hotspot\src\share\vm\interpreter\link
Event: 7.302 Thread 0x000000001df7f800 Exception <a 'java/lang/NoSuchMethodError': java.lang.Object.lambda$static$0(Lorg/gradle/internal/component/model/DependencyMetadata;)Lorg/gradle/api/internal/artifacts/ivyservice/dependencysubstitution/DependencySubstitutionApplicator$SubstitutionResult;
Event: 7.337 Thread 0x000000001df7f800 Exception <a 'java/lang/IncompatibleClassChangeError': Found class java.lang.Object, but interface was expected> (0x00000000d6023c20) thrown at [C:\src\AOSP-openjdk-git\hotspot\src\share\vm\interpreter\linkResolver.cpp, line 653]
Event: 7.338 Thread 0x000000001df7f800 Exception <a 'java/lang/NoSuchMethodError': java.lang.Object.lambda$thenComparing$36697e65$1(Ljava/util/Comparator;Ljava/lang/Object;Ljava/lang/Object;)I> (0x00000000d602f6d0) thrown at [C:\src\AOSP-openjdk-git\hotspot\src\share\vm\interpreter\linkResolve
Event: 7.399 Thread 0x000000001df7f800 Exception <a 'java/lang/NoSuchMethodError': java.lang.Object.lambda$static$0()Z> (0x00000000d6a3c5b8) thrown at [C:\src\AOSP-openjdk-git\hotspot\src\share\vm\interpreter\linkResolver.cpp, line 620]
Event: 7.579 Thread 0x000000001df7f800 Exception <a 'java/lang/NoSuchMethodError': java.lang.Object.lambda$static$0(Lorg/gradle/api/internal/artifacts/ivyservice/resolveengine/artifact/ArtifactVisitor;)V> (0x00000000d7802f20) thrown at [C:\src\AOSP-openjdk-git\hotspot\src\share\vm\interpreter\

Events (10 events):
Event: 7.721 Thread 0x0000000021643800 Thread added: 0x0000000021643800
Event: 7.721 Thread 0x000000002163c800 Thread added: 0x000000002163c800
Event: 7.722 Thread 0x0000000021648000 Thread added: 0x0000000021648000
Event: 7.723 Thread 0x0000000021647000 Thread added: 0x0000000021647000
Event: 7.724 Thread 0x0000000021645000 Thread added: 0x0000000021645000
Event: 7.724 Thread 0x0000000021646800 Thread added: 0x0000000021646800
Event: 7.725 Thread 0x0000000021648800 Thread added: 0x0000000021648800
Event: 7.725 Thread 0x0000000021644000 Thread added: 0x0000000021644000
Event: 7.726 Thread 0x0000000021645800 Thread added: 0x0000000021645800
Event: 7.726 Thread 0x0000000021649800 Thread added: 0x0000000021649800


Dynamic libraries:
0x00007ff705fc0000 - 0x00007ff705ff1000 	D:\Program Files\Android\Android Studio\jre\bin\java.exe
0x00007ff9bf2b0000 - 0x00007ff9bf4a6000 	C:\WINDOWS\SYSTEM32\ntdll.dll
0x00007ff9bf1b0000 - 0x00007ff9bf26d000 	C:\WINDOWS\System32\KERNEL32.DLL
0x00007ff9bcb80000 - 0x00007ff9bce49000 	C:\WINDOWS\System32\KERNELBASE.dll
0x00007ff9bd500000 - 0x00007ff9bd5ac000 	C:\WINDOWS\System32\ADVAPI32.dll
0x00007ff9bda90000 - 0x00007ff9bdb2e000 	C:\WINDOWS\System32\msvcrt.dll
0x00007ff9bd6f0000 - 0x00007ff9bd78c000 	C:\WINDOWS\System32\sechost.dll
0x00007ff9bd7f0000 - 0x00007ff9bd91b000 	C:\WINDOWS\System32\RPCRT4.dll
0x00007ff9beec0000 - 0x00007ff9bf060000 	C:\WINDOWS\System32\USER32.dll
0x00007ff9bc9f0000 - 0x00007ff9bca12000 	C:\WINDOWS\System32\win32u.dll
0x00007ff9bd610000 - 0x00007ff9bd63a000 	C:\WINDOWS\System32\GDI32.dll
0x00007ff9bcef0000 - 0x00007ff9bcffb000 	C:\WINDOWS\System32\gdi32full.dll
0x00007ff9bce50000 - 0x00007ff9bceed000 	C:\WINDOWS\System32\msvcp_win.dll
0x00007ff9bd110000 - 0x00007ff9bd210000 	C:\WINDOWS\System32\ucrtbase.dll
0x00007ff9ac900000 - 0x00007ff9acb9b000 	C:\WINDOWS\WinSxS\amd64_microsoft.windows.common-controls_6595b64144ccf1df_6.0.19041.746_none_ca02b4b61b8320a4\COMCTL32.dll
0x00007ff9bd920000 - 0x00007ff9bd950000 	C:\WINDOWS\System32\IMM32.DLL
0x00000000573c0000 - 0x0000000057492000 	D:\Program Files\Android\Android Studio\jre\jre\bin\msvcr100.dll
0x0000000057df0000 - 0x000000005863b000 	D:\Program Files\Android\Android Studio\jre\jre\bin\server\jvm.dll
0x00007ff9bed20000 - 0x00007ff9bed28000 	C:\WINDOWS\System32\PSAPI.DLL
0x00007ff9ab280000 - 0x00007ff9ab289000 	C:\WINDOWS\SYSTEM32\WSOCK32.dll
0x00007ff9bf140000 - 0x00007ff9bf1ab000 	C:\WINDOWS\System32\WS2_32.dll
0x00007ff9b3ae0000 - 0x00007ff9b3b07000 	C:\WINDOWS\SYSTEM32\WINMM.dll
0x00007ff9b3ad0000 - 0x00007ff9b3ada000 	C:\WINDOWS\SYSTEM32\VERSION.dll
0x00007ff9b9c40000 - 0x00007ff9b9c4f000 	D:\Program Files\Android\Android Studio\jre\jre\bin\verify.dll
0x00007ff9a78f0000 - 0x00007ff9a7919000 	D:\Program Files\Android\Android Studio\jre\jre\bin\java.dll
0x00007ff9a7830000 - 0x00007ff9a7846000 	D:\Program Files\Android\Android Studio\jre\jre\bin\zip.dll
0x00007ff9be4c0000 - 0x00007ff9bec02000 	C:\WINDOWS\System32\SHELL32.dll
0x00007ff9ba630000 - 0x00007ff9badc0000 	C:\WINDOWS\SYSTEM32\windows.storage.dll
0x00007ff9bdce0000 - 0x00007ff9be036000 	C:\WINDOWS\System32\combase.dll
0x00007ff9bc380000 - 0x00007ff9bc3ac000 	C:\WINDOWS\SYSTEM32\Wldp.dll
0x00007ff9bd310000 - 0x00007ff9bd3be000 	C:\WINDOWS\System32\SHCORE.dll
0x00007ff9bd5b0000 - 0x00007ff9bd605000 	C:\WINDOWS\System32\shlwapi.dll
0x00007ff9bc920000 - 0x00007ff9bc946000 	C:\WINDOWS\SYSTEM32\profapi.dll
0x00007ff9a4340000 - 0x00007ff9a435a000 	D:\Program Files\Android\Android Studio\jre\jre\bin\net.dll
0x00007ff9bc100000 - 0x00007ff9bc16a000 	C:\WINDOWS\system32\mswsock.dll
0x00007ff99b7f0000 - 0x00007ff99b803000 	D:\Program Files\Android\Android Studio\jre\jre\bin\nio.dll
0x00007ff9959c0000 - 0x00007ff9959e7000 	C:\Users\18388\.gradle\native\f6784746aeab05261644944871eae4fe03e0ef1612fff0a4a95f87b438bc6780\windows-amd64\native-platform.dll
0x00007ff9b7fd0000 - 0x00007ff9b7fdd000 	D:\Program Files\Android\Android Studio\jre\jre\bin\management.dll
0x00007ff9bc2e0000 - 0x00007ff9bc2f8000 	C:\WINDOWS\SYSTEM32\CRYPTSP.dll
0x00007ff9bbaa0000 - 0x00007ff9bbad4000 	C:\WINDOWS\system32\rsaenh.dll
0x00007ff9bd000000 - 0x00007ff9bd027000 	C:\WINDOWS\System32\bcrypt.dll
0x00007ff9bc8e0000 - 0x00007ff9bc90e000 	C:\WINDOWS\SYSTEM32\USERENV.dll
0x00007ff9bd090000 - 0x00007ff9bd110000 	C:\WINDOWS\System32\bcryptprimitives.dll
0x00007ff9bc2d0000 - 0x00007ff9bc2dc000 	C:\WINDOWS\SYSTEM32\CRYPTBASE.dll
0x00007ff9bbdf0000 - 0x00007ff9bbe2b000 	C:\WINDOWS\SYSTEM32\IPHLPAPI.DLL
0x00007ff9be4b0000 - 0x00007ff9be4b8000 	C:\WINDOWS\System32\NSI.dll
0x00007ff9b3520000 - 0x00007ff9b3537000 	C:\WINDOWS\SYSTEM32\dhcpcsvc6.DLL
0x00007ff9b19d0000 - 0x00007ff9b19ed000 	C:\WINDOWS\SYSTEM32\dhcpcsvc.DLL
0x00007ff9bbe30000 - 0x00007ff9bbefb000 	C:\WINDOWS\SYSTEM32\DNSAPI.dll
0x00007ff9b1ab0000 - 0x00007ff9b1abb000 	C:\WINDOWS\SYSTEM32\WINNSI.DLL

VM Arguments:
jvm_args: -Xmx2048m -Dfile.encoding=UTF-8 -Duser.country=CN -Duser.language=zh -Duser.variant 
java_command: org.gradle.launcher.daemon.bootstrap.GradleDaemon 6.5
java_class_path (initial): C:\Users\18388\.gradle\wrapper\dists\gradle-6.5-bin\6nifqtx7604sqp1q6g8wikw7p\gradle-6.5\lib\gradle-launcher-6.5.jar
Launcher Type: SUN_STANDARD

Environment Variables:
PATH=C:\Program Files (x86)\Rockwell Software\RSCommon;D:\gurobi903\win64\bin;C:\WINDOWS\system32;C:\WINDOWS;C:\WINDOWS\System32\Wbem;C:\WINDOWS\System32\WindowsPowerShell\v1.0\;C:\WINDOWS\System32\OpenSSH\;D:\anaconda3;D:\gurobi903\win64;D:\anaconda3\Scripts;D:\anaconda3\Library\bin;D:\Program Files\MATLAB\R2020b\bin;D:\Program Files\Git\cmd;C:\Users\18388\AppData\Local\Microsoft\WindowsApps;D:\Program Files\bandizip\;D:\latex\texlive\2019\bin\win32
USERNAME=18388
OS=Windows_NT
PROCESSOR_IDENTIFIER=AMD64 Family 23 Model 96 Stepping 1, AuthenticAMD



---------------  S Y S T E M  ---------------

OS: Windows 10.0 , 64 bit Build 19041 (10.0.19041.804)

CPU:total 16 (initial active 16) (16 cores per cpu, 1 threads per core) family 23 model 96 stepping 1, cmov, cx8, fxsr, mmx, sse, sse2, sse3, ssse3, sse4.1, sse4.2, popcnt, avx, avx2, aes, clmul, mmxext, 3dnowpref, lzcnt, sse4a, tsc, tscinvbit, tscinv, bmi1

Memory: 4k page, physical 16112436k(667348k free), swap 29219632k(2028k free)

vm_info: OpenJDK 64-Bit Server VM (25.242-b01) for windows-amd64 JRE (1.8.0_242-release-1644-b01), built by "builder" with MS VC++ 10.0 (VS2010)

time: Sun Mar 14 14:02:15 2021
timezone: 中国标准时间
elapsed time: 7 seconds (0d 0h 0m 7s)

